<?xml version="1.0" encoding="UTF-8"?>
<!-- Generated by org.testng.reporters.JUnitReportReporter -->
<testsuite hostname="DESKTOP-O9OR2BF" failures="0" tests="1" name="MainPage.com.product.analytica.Amazon_MainPage" time="178.729" errors="0" timestamp="2023-04-12T21:56:59 IST" skipped="0">
  <testcase classname="MainPage.com.product.analytica.Amazon_MainPage" name="productAnalysis" time="178.729"/>
  <system-out/>
</testsuite> <!-- MainPage.com.product.analytica.Amazon_MainPage -->
